\BOOKMARK [0][-]{chapter.1}{\376\377\0001\000\040\000L\000i\000s\000t\000e\000\040\000d\000e\000s\000\040\000b\000o\000g\000u\000e\000s}{}% 1
\BOOKMARK [0][-]{chapter.2}{\376\377\0002\000\040\000I\000n\000d\000e\000x\000\040\000d\000e\000s\000\040\000f\000i\000c\000h\000i\000e\000r\000s}{}% 2
\BOOKMARK [1][-]{section.2.1}{\376\377\0002\000.\0001\000\040\000L\000i\000s\000t\000e\000\040\000d\000e\000s\000\040\000f\000i\000c\000h\000i\000e\000r\000s}{chapter.2}% 3
\BOOKMARK [0][-]{chapter.3}{\376\377\0003\000\040\000D\000o\000c\000u\000m\000e\000n\000t\000a\000t\000i\000o\000n\000\040\000d\000e\000s\000\040\000f\000i\000c\000h\000i\000e\000r\000s}{}% 4
\BOOKMARK [1][-]{section.3.1}{\376\377\0003\000.\0001\000\040\000R\000\351\000f\000\351\000r\000e\000n\000c\000e\000\040\000d\000u\000\040\000f\000i\000c\000h\000i\000e\000r\000\040\000c\000/\000a\000e\000s\000.\000c}{chapter.3}% 5
\BOOKMARK [2][-]{subsection.3.1.1}{\376\377\0003\000.\0001\000.\0001\000\040\000D\000e\000s\000c\000r\000i\000p\000t\000i\000o\000n\000\040\000d\000\351\000t\000a\000i\000l\000l\000\351\000e}{section.3.1}% 6
\BOOKMARK [2][-]{subsection.3.1.2}{\376\377\0003\000.\0001\000.\0002\000\040\000D\000o\000c\000u\000m\000e\000n\000t\000a\000t\000i\000o\000n\000\040\000d\000e\000s\000\040\000f\000o\000n\000c\000t\000i\000o\000n\000s}{section.3.1}% 7
\BOOKMARK [3][-]{subsubsection.3.1.2.1}{\376\377\0003\000.\0001\000.\0002\000.\0001\000\040\000a\000e\000s\000\137\000d\000e\000c\000r\000y\000p\000t\000\050\000\051}{subsection.3.1.2}% 8
\BOOKMARK [3][-]{subsubsection.3.1.2.2}{\376\377\0003\000.\0001\000.\0002\000.\0002\000\040\000a\000e\000s\000\137\000e\000n\000c\000r\000y\000p\000t\000\050\000\051}{subsection.3.1.2}% 9
\BOOKMARK [3][-]{subsubsection.3.1.2.3}{\376\377\0003\000.\0001\000.\0002\000.\0003\000\040\000a\000s\000c\000i\000i\000t\000o\000h\000e\000x\000\050\000\051}{subsection.3.1.2}% 10
\BOOKMARK [3][-]{subsubsection.3.1.2.4}{\376\377\0003\000.\0001\000.\0002\000.\0004\000\040\000h\000e\000x\000t\000o\000a\000s\000c\000i\000i\000\050\000\051}{subsection.3.1.2}% 11
\BOOKMARK [3][-]{subsubsection.3.1.2.5}{\376\377\0003\000.\0001\000.\0002\000.\0005\000\040\000k\000e\000y\000p\000r\000o\000c\000e\000s\000s\000\050\000\051}{subsection.3.1.2}% 12
\BOOKMARK [1][-]{section.3.2}{\376\377\0003\000.\0002\000\040\000R\000\351\000f\000\351\000r\000e\000n\000c\000e\000\040\000d\000u\000\040\000f\000i\000c\000h\000i\000e\000r\000\040\000c\000/\000a\000e\000s\000.\000h}{chapter.3}% 13
\BOOKMARK [2][-]{subsection.3.2.1}{\376\377\0003\000.\0002\000.\0001\000\040\000D\000e\000s\000c\000r\000i\000p\000t\000i\000o\000n\000\040\000d\000\351\000t\000a\000i\000l\000l\000\351\000e}{section.3.2}% 14
\BOOKMARK [2][-]{subsection.3.2.2}{\376\377\0003\000.\0002\000.\0002\000\040\000D\000o\000c\000u\000m\000e\000n\000t\000a\000t\000i\000o\000n\000\040\000d\000e\000s\000\040\000d\000\351\000f\000i\000n\000i\000t\000i\000o\000n\000s\000\040\000d\000e\000\040\000t\000y\000p\000e}{section.3.2}% 15
\BOOKMARK [3][-]{subsubsection.3.2.2.1}{\376\377\0003\000.\0002\000.\0002\000.\0001\000\040\000b\000y\000t\000e}{subsection.3.2.2}% 16
\BOOKMARK [2][-]{subsection.3.2.3}{\376\377\0003\000.\0002\000.\0003\000\040\000D\000o\000c\000u\000m\000e\000n\000t\000a\000t\000i\000o\000n\000\040\000d\000e\000s\000\040\000f\000o\000n\000c\000t\000i\000o\000n\000s}{section.3.2}% 17
\BOOKMARK [3][-]{subsubsection.3.2.3.1}{\376\377\0003\000.\0002\000.\0003\000.\0001\000\040\000a\000e\000s\000\137\000d\000e\000c\000r\000y\000p\000t\000\050\000\051}{subsection.3.2.3}% 18
\BOOKMARK [3][-]{subsubsection.3.2.3.2}{\376\377\0003\000.\0002\000.\0003\000.\0002\000\040\000a\000e\000s\000\137\000e\000n\000c\000r\000y\000p\000t\000\050\000\051}{subsection.3.2.3}% 19
\BOOKMARK [3][-]{subsubsection.3.2.3.3}{\376\377\0003\000.\0002\000.\0003\000.\0003\000\040\000a\000s\000c\000i\000i\000t\000o\000h\000e\000x\000\050\000\051}{subsection.3.2.3}% 20
\BOOKMARK [3][-]{subsubsection.3.2.3.4}{\376\377\0003\000.\0002\000.\0003\000.\0004\000\040\000h\000e\000x\000t\000o\000a\000s\000c\000i\000i\000\050\000\051}{subsection.3.2.3}% 21
\BOOKMARK [3][-]{subsubsection.3.2.3.5}{\376\377\0003\000.\0002\000.\0003\000.\0005\000\040\000k\000e\000y\000p\000r\000o\000c\000e\000s\000s\000\050\000\051}{subsection.3.2.3}% 22
\BOOKMARK [1][-]{section.3.3}{\376\377\0003\000.\0003\000\040\000R\000\351\000f\000\351\000r\000e\000n\000c\000e\000\040\000d\000u\000\040\000f\000i\000c\000h\000i\000e\000r\000\040\000c\000/\000c\000i\000p\000h\000e\000r\000.\000c}{chapter.3}% 23
\BOOKMARK [2][-]{subsection.3.3.1}{\376\377\0003\000.\0003\000.\0001\000\040\000D\000e\000s\000c\000r\000i\000p\000t\000i\000o\000n\000\040\000d\000\351\000t\000a\000i\000l\000l\000\351\000e}{section.3.3}% 24
\BOOKMARK [2][-]{subsection.3.3.2}{\376\377\0003\000.\0003\000.\0002\000\040\000D\000o\000c\000u\000m\000e\000n\000t\000a\000t\000i\000o\000n\000\040\000d\000e\000s\000\040\000f\000o\000n\000c\000t\000i\000o\000n\000s}{section.3.3}% 25
\BOOKMARK [3][-]{subsubsection.3.3.2.1}{\376\377\0003\000.\0003\000.\0002\000.\0001\000\040\000a\000d\000d\000R\000o\000u\000n\000d\000K\000e\000y\000\050\000\051}{subsection.3.3.2}% 26
\BOOKMARK [3][-]{subsubsection.3.3.2.2}{\376\377\0003\000.\0003\000.\0002\000.\0002\000\040\000c\000i\000p\000h\000e\000r\000\050\000\051}{subsection.3.3.2}% 27
\BOOKMARK [3][-]{subsubsection.3.3.2.3}{\376\377\0003\000.\0003\000.\0002\000.\0003\000\040\000i\000n\000v\000C\000i\000p\000h\000e\000r\000\050\000\051}{subsection.3.3.2}% 28
\BOOKMARK [3][-]{subsubsection.3.3.2.4}{\376\377\0003\000.\0003\000.\0002\000.\0004\000\040\000i\000n\000v\000S\000h\000i\000f\000t\000R\000o\000w\000s\000\050\000\051}{subsection.3.3.2}% 29
\BOOKMARK [3][-]{subsubsection.3.3.2.5}{\376\377\0003\000.\0003\000.\0002\000.\0005\000\040\000k\000e\000y\000E\000x\000p\000a\000n\000s\000i\000o\000n\000\050\000\051}{subsection.3.3.2}% 30
\BOOKMARK [3][-]{subsubsection.3.3.2.6}{\376\377\0003\000.\0003\000.\0002\000.\0006\000\040\000m\000i\000x\000C\000o\000l\000u\000m\000n\000s\000\050\000\051}{subsection.3.3.2}% 31
\BOOKMARK [3][-]{subsubsection.3.3.2.7}{\376\377\0003\000.\0003\000.\0002\000.\0007\000\040\000r\000c\000o\000n\000\050\000\051}{subsection.3.3.2}% 32
\BOOKMARK [3][-]{subsubsection.3.3.2.8}{\376\377\0003\000.\0003\000.\0002\000.\0008\000\040\000r\000o\000t\000W\000o\000r\000d\000\050\000\051}{subsection.3.3.2}% 33
\BOOKMARK [3][-]{subsubsection.3.3.2.9}{\376\377\0003\000.\0003\000.\0002\000.\0009\000\040\000s\000h\000i\000f\000t\000O\000n\000e\000R\000o\000w\000\050\000\051}{subsection.3.3.2}% 34
\BOOKMARK [3][-]{subsubsection.3.3.2.10}{\376\377\0003\000.\0003\000.\0002\000.\0001\0000\000\040\000s\000h\000i\000f\000t\000R\000o\000w\000s\000\050\000\051}{subsection.3.3.2}% 35
\BOOKMARK [3][-]{subsubsection.3.3.2.11}{\376\377\0003\000.\0003\000.\0002\000.\0001\0001\000\040\000s\000u\000b\000B\000y\000t\000e\000s\000\050\000\051}{subsection.3.3.2}% 36
\BOOKMARK [3][-]{subsubsection.3.3.2.12}{\376\377\0003\000.\0003\000.\0002\000.\0001\0002\000\040\000s\000u\000b\000W\000o\000r\000d\000\050\000\051}{subsection.3.3.2}% 37
\BOOKMARK [1][-]{section.3.4}{\376\377\0003\000.\0004\000\040\000R\000\351\000f\000\351\000r\000e\000n\000c\000e\000\040\000d\000u\000\040\000f\000i\000c\000h\000i\000e\000r\000\040\000c\000/\000c\000i\000p\000h\000e\000r\000.\000h}{chapter.3}% 38
\BOOKMARK [2][-]{subsection.3.4.1}{\376\377\0003\000.\0004\000.\0001\000\040\000D\000e\000s\000c\000r\000i\000p\000t\000i\000o\000n\000\040\000d\000\351\000t\000a\000i\000l\000l\000\351\000e}{section.3.4}% 39
\BOOKMARK [2][-]{subsection.3.4.2}{\376\377\0003\000.\0004\000.\0002\000\040\000D\000o\000c\000u\000m\000e\000n\000t\000a\000t\000i\000o\000n\000\040\000d\000e\000s\000\040\000d\000\351\000f\000i\000n\000i\000t\000i\000o\000n\000s\000\040\000d\000e\000\040\000t\000y\000p\000e}{section.3.4}% 40
\BOOKMARK [3][-]{subsubsection.3.4.2.1}{\376\377\0003\000.\0004\000.\0002\000.\0001\000\040\000b\000y\000t\000e}{subsection.3.4.2}% 41
\BOOKMARK [2][-]{subsection.3.4.3}{\376\377\0003\000.\0004\000.\0003\000\040\000D\000o\000c\000u\000m\000e\000n\000t\000a\000t\000i\000o\000n\000\040\000d\000e\000s\000\040\000f\000o\000n\000c\000t\000i\000o\000n\000s}{section.3.4}% 42
\BOOKMARK [3][-]{subsubsection.3.4.3.1}{\376\377\0003\000.\0004\000.\0003\000.\0001\000\040\000a\000d\000d\000R\000o\000u\000n\000d\000K\000e\000y\000\050\000\051}{subsection.3.4.3}% 43
\BOOKMARK [3][-]{subsubsection.3.4.3.2}{\376\377\0003\000.\0004\000.\0003\000.\0002\000\040\000c\000i\000p\000h\000e\000r\000\050\000\051}{subsection.3.4.3}% 44
\BOOKMARK [3][-]{subsubsection.3.4.3.3}{\376\377\0003\000.\0004\000.\0003\000.\0003\000\040\000i\000n\000v\000C\000i\000p\000h\000e\000r\000\050\000\051}{subsection.3.4.3}% 45
\BOOKMARK [3][-]{subsubsection.3.4.3.4}{\376\377\0003\000.\0004\000.\0003\000.\0004\000\040\000i\000n\000v\000S\000h\000i\000f\000t\000R\000o\000w\000s\000\050\000\051}{subsection.3.4.3}% 46
\BOOKMARK [3][-]{subsubsection.3.4.3.5}{\376\377\0003\000.\0004\000.\0003\000.\0005\000\040\000k\000e\000y\000E\000x\000p\000a\000n\000s\000i\000o\000n\000\050\000\051}{subsection.3.4.3}% 47
\BOOKMARK [3][-]{subsubsection.3.4.3.6}{\376\377\0003\000.\0004\000.\0003\000.\0006\000\040\000m\000i\000x\000C\000o\000l\000u\000m\000n\000s\000\050\000\051}{subsection.3.4.3}% 48
\BOOKMARK [3][-]{subsubsection.3.4.3.7}{\376\377\0003\000.\0004\000.\0003\000.\0007\000\040\000r\000c\000o\000n\000\050\000\051}{subsection.3.4.3}% 49
\BOOKMARK [3][-]{subsubsection.3.4.3.8}{\376\377\0003\000.\0004\000.\0003\000.\0008\000\040\000r\000o\000t\000W\000o\000r\000d\000\050\000\051}{subsection.3.4.3}% 50
\BOOKMARK [3][-]{subsubsection.3.4.3.9}{\376\377\0003\000.\0004\000.\0003\000.\0009\000\040\000s\000h\000i\000f\000t\000O\000n\000e\000R\000o\000w\000\050\000\051}{subsection.3.4.3}% 51
\BOOKMARK [3][-]{subsubsection.3.4.3.10}{\376\377\0003\000.\0004\000.\0003\000.\0001\0000\000\040\000s\000h\000i\000f\000t\000R\000o\000w\000s\000\050\000\051}{subsection.3.4.3}% 52
\BOOKMARK [3][-]{subsubsection.3.4.3.11}{\376\377\0003\000.\0004\000.\0003\000.\0001\0001\000\040\000s\000u\000b\000B\000y\000t\000e\000s\000\050\000\051}{subsection.3.4.3}% 53
\BOOKMARK [3][-]{subsubsection.3.4.3.12}{\376\377\0003\000.\0004\000.\0003\000.\0001\0002\000\040\000s\000u\000b\000W\000o\000r\000d\000\050\000\051}{subsection.3.4.3}% 54
\BOOKMARK [1][-]{section.3.5}{\376\377\0003\000.\0005\000\040\000R\000\351\000f\000\351\000r\000e\000n\000c\000e\000\040\000d\000u\000\040\000f\000i\000c\000h\000i\000e\000r\000\040\000c\000/\000c\000o\000n\000s\000t\000.\000h}{chapter.3}% 55
\BOOKMARK [2][-]{subsection.3.5.1}{\376\377\0003\000.\0005\000.\0001\000\040\000D\000e\000s\000c\000r\000i\000p\000t\000i\000o\000n\000\040\000d\000\351\000t\000a\000i\000l\000l\000\351\000e}{section.3.5}% 56
\BOOKMARK [2][-]{subsection.3.5.2}{\376\377\0003\000.\0005\000.\0002\000\040\000D\000o\000c\000u\000m\000e\000n\000t\000a\000t\000i\000o\000n\000\040\000d\000e\000s\000\040\000d\000\351\000f\000i\000n\000i\000t\000i\000o\000n\000s\000\040\000d\000e\000\040\000t\000y\000p\000e}{section.3.5}% 57
\BOOKMARK [3][-]{subsubsection.3.5.2.1}{\376\377\0003\000.\0005\000.\0002\000.\0001\000\040\000b\000y\000t\000e}{subsection.3.5.2}% 58
\BOOKMARK [2][-]{subsection.3.5.3}{\376\377\0003\000.\0005\000.\0003\000\040\000D\000o\000c\000u\000m\000e\000n\000t\000a\000t\000i\000o\000n\000\040\000d\000e\000s\000\040\000v\000a\000r\000i\000a\000b\000l\000e\000s}{section.3.5}% 59
\BOOKMARK [3][-]{subsubsection.3.5.3.1}{\376\377\0003\000.\0005\000.\0003\000.\0001\000\040\000a\000\137\000x\000\137\000i\000n\000v\000M\000i\000x\000C\000o\000l\000u\000m\000n\000s}{subsection.3.5.3}% 60
\BOOKMARK [3][-]{subsubsection.3.5.3.2}{\376\377\0003\000.\0005\000.\0003\000.\0002\000\040\000a\000\137\000x\000\137\000m\000i\000x\000C\000o\000l\000u\000m\000n\000s}{subsection.3.5.3}% 61
\BOOKMARK [3][-]{subsubsection.3.5.3.3}{\376\377\0003\000.\0005\000.\0003\000.\0003\000\040\000i\000n\000v\000S\000b\000o\000x}{subsection.3.5.3}% 62
\BOOKMARK [3][-]{subsubsection.3.5.3.4}{\376\377\0003\000.\0005\000.\0003\000.\0004\000\040\000s\000b\000o\000x}{subsection.3.5.3}% 63
\BOOKMARK [1][-]{section.3.6}{\376\377\0003\000.\0006\000\040\000R\000\351\000f\000\351\000r\000e\000n\000c\000e\000\040\000d\000u\000\040\000f\000i\000c\000h\000i\000e\000r\000\040\000c\000/\000t\000e\000s\000t\000s\000.\000c}{chapter.3}% 64
\BOOKMARK [2][-]{subsection.3.6.1}{\376\377\0003\000.\0006\000.\0001\000\040\000D\000e\000s\000c\000r\000i\000p\000t\000i\000o\000n\000\040\000d\000\351\000t\000a\000i\000l\000l\000\351\000e}{section.3.6}% 65
\BOOKMARK [2][-]{subsection.3.6.2}{\376\377\0003\000.\0006\000.\0002\000\040\000D\000o\000c\000u\000m\000e\000n\000t\000a\000t\000i\000o\000n\000\040\000d\000e\000s\000\040\000f\000o\000n\000c\000t\000i\000o\000n\000s}{section.3.6}% 66
\BOOKMARK [3][-]{subsubsection.3.6.2.1}{\376\377\0003\000.\0006\000.\0002\000.\0001\000\040\000m\000a\000i\000n\000\050\000\051}{subsection.3.6.2}% 67
\BOOKMARK [3][-]{subsubsection.3.6.2.2}{\376\377\0003\000.\0006\000.\0002\000.\0002\000\040\000t\000e\000s\000t\000A\000d\000d\000R\000o\000u\000n\000d\000K\000e\000y\000\050\000\051}{subsection.3.6.2}% 68
\BOOKMARK [3][-]{subsubsection.3.6.2.3}{\376\377\0003\000.\0006\000.\0002\000.\0003\000\040\000t\000e\000s\000t\000A\000e\000s\000E\000c\000r\000y\000p\000t\000F\000i\000l\000e\000\050\000\051}{subsection.3.6.2}% 69
\BOOKMARK [3][-]{subsubsection.3.6.2.4}{\376\377\0003\000.\0006\000.\0002\000.\0004\000\040\000t\000e\000s\000t\000A\000e\000s\000E\000n\000c\000r\000y\000p\000t\000\050\000\051}{subsection.3.6.2}% 70
\BOOKMARK [3][-]{subsubsection.3.6.2.5}{\376\377\0003\000.\0006\000.\0002\000.\0005\000\040\000t\000e\000s\000t\000A\000s\000c\000i\000i\000T\000o\000H\000e\000x\000\050\000\051}{subsection.3.6.2}% 71
\BOOKMARK [3][-]{subsubsection.3.6.2.6}{\376\377\0003\000.\0006\000.\0002\000.\0006\000\040\000t\000e\000s\000t\000B\000y\000t\000e\000X\000o\000r\000\050\000\051}{subsection.3.6.2}% 72
\BOOKMARK [3][-]{subsubsection.3.6.2.7}{\376\377\0003\000.\0006\000.\0002\000.\0007\000\040\000t\000e\000s\000t\000C\000i\000p\000h\000e\000r\000\050\000\051}{subsection.3.6.2}% 73
\BOOKMARK [3][-]{subsubsection.3.6.2.8}{\376\377\0003\000.\0006\000.\0002\000.\0008\000\040\000t\000e\000s\000t\000H\000e\000x\000T\000o\000A\000s\000c\000i\000i\000\050\000\051}{subsection.3.6.2}% 74
\BOOKMARK [3][-]{subsubsection.3.6.2.9}{\376\377\0003\000.\0006\000.\0002\000.\0009\000\040\000t\000e\000s\000t\000I\000n\000v\000C\000i\000p\000h\000e\000r\000\050\000\051}{subsection.3.6.2}% 75
\BOOKMARK [3][-]{subsubsection.3.6.2.10}{\376\377\0003\000.\0006\000.\0002\000.\0001\0000\000\040\000t\000e\000s\000t\000I\000n\000v\000M\000i\000x\000C\000o\000l\000u\000m\000s\000\050\000\051}{subsection.3.6.2}% 76
\BOOKMARK [3][-]{subsubsection.3.6.2.11}{\376\377\0003\000.\0006\000.\0002\000.\0001\0001\000\040\000t\000e\000s\000t\000I\000n\000v\000S\000h\000i\000f\000t\000R\000o\000w\000s\000\050\000\051}{subsection.3.6.2}% 77
\BOOKMARK [3][-]{subsubsection.3.6.2.12}{\376\377\0003\000.\0006\000.\0002\000.\0001\0002\000\040\000t\000e\000s\000t\000K\000e\000y\000E\000x\000p\000a\000n\000s\000i\000o\000n\000\050\000\051}{subsection.3.6.2}% 78
\BOOKMARK [3][-]{subsubsection.3.6.2.13}{\376\377\0003\000.\0006\000.\0002\000.\0001\0003\000\040\000t\000e\000s\000t\000M\000e\000r\000g\000e\000A\000r\000r\000\050\000\051}{subsection.3.6.2}% 79
\BOOKMARK [3][-]{subsubsection.3.6.2.14}{\376\377\0003\000.\0006\000.\0002\000.\0001\0004\000\040\000t\000e\000s\000t\000M\000i\000x\000C\000o\000l\000u\000m\000s\000\050\000\051}{subsection.3.6.2}% 80
\BOOKMARK [3][-]{subsubsection.3.6.2.15}{\376\377\0003\000.\0006\000.\0002\000.\0001\0005\000\040\000t\000e\000s\000t\000M\000u\000l\000t\000i\000\050\000\051}{subsection.3.6.2}% 81
\BOOKMARK [3][-]{subsubsection.3.6.2.16}{\376\377\0003\000.\0006\000.\0002\000.\0001\0006\000\040\000t\000e\000s\000t\000R\000c\000o\000n\000\050\000\051}{subsection.3.6.2}% 82
\BOOKMARK [3][-]{subsubsection.3.6.2.17}{\376\377\0003\000.\0006\000.\0002\000.\0001\0007\000\040\000t\000e\000s\000t\000R\000o\000t\000W\000o\000r\000d\000\050\000\051}{subsection.3.6.2}% 83
\BOOKMARK [3][-]{subsubsection.3.6.2.18}{\376\377\0003\000.\0006\000.\0002\000.\0001\0008\000\040\000t\000e\000s\000t\000S\000h\000i\000f\000t\000R\000o\000w\000s\000\050\000\051}{subsection.3.6.2}% 84
\BOOKMARK [3][-]{subsubsection.3.6.2.19}{\376\377\0003\000.\0006\000.\0002\000.\0001\0009\000\040\000t\000e\000s\000t\000S\000p\000l\000i\000t\000A\000r\000r\000\050\000\051}{subsection.3.6.2}% 85
\BOOKMARK [3][-]{subsubsection.3.6.2.20}{\376\377\0003\000.\0006\000.\0002\000.\0002\0000\000\040\000t\000e\000s\000t\000S\000u\000b\000B\000y\000t\000e\000s\000\050\000\051}{subsection.3.6.2}% 86
\BOOKMARK [3][-]{subsubsection.3.6.2.21}{\376\377\0003\000.\0006\000.\0002\000.\0002\0001\000\040\000t\000e\000s\000t\000S\000u\000b\000W\000o\000r\000d\000\050\000\051}{subsection.3.6.2}% 87
\BOOKMARK [3][-]{subsubsection.3.6.2.22}{\376\377\0003\000.\0006\000.\0002\000.\0002\0002\000\040\000t\000e\000s\000t\000S\000w\000i\000t\000c\000h\000C\000o\000l\000R\000o\000w\000s\000\050\000\051}{subsection.3.6.2}% 88
\BOOKMARK [2][-]{subsection.3.6.3}{\376\377\0003\000.\0006\000.\0003\000\040\000D\000o\000c\000u\000m\000e\000n\000t\000a\000t\000i\000o\000n\000\040\000d\000e\000s\000\040\000v\000a\000r\000i\000a\000b\000l\000e\000s}{section.3.6}% 89
\BOOKMARK [3][-]{subsubsection.3.6.3.1}{\376\377\0003\000.\0006\000.\0003\000.\0001\000\040\000a\000\137\000x\000\137\000i\000n\000v\000M\000i\000x\000C\000o\000l\000u\000m\000n\000s\000\137\000t\000e\000s\000t}{subsection.3.6.3}% 90
\BOOKMARK [3][-]{subsubsection.3.6.3.2}{\376\377\0003\000.\0006\000.\0003\000.\0002\000\040\000a\000\137\000x\000\137\000m\000i\000x\000C\000o\000l\000u\000m\000n\000s\000\137\000t\000e\000s\000t}{subsection.3.6.3}% 91
\BOOKMARK [3][-]{subsubsection.3.6.3.3}{\376\377\0003\000.\0006\000.\0003\000.\0003\000\040\000i\000n\000v\000S\000b\000o\000x\000\137\000t\000e\000s\000t}{subsection.3.6.3}% 92
\BOOKMARK [3][-]{subsubsection.3.6.3.4}{\376\377\0003\000.\0006\000.\0003\000.\0004\000\040\000s\000b\000o\000x\000\137\000t\000e\000s\000t}{subsection.3.6.3}% 93
\BOOKMARK [1][-]{section.3.7}{\376\377\0003\000.\0007\000\040\000R\000\351\000f\000\351\000r\000e\000n\000c\000e\000\040\000d\000u\000\040\000f\000i\000c\000h\000i\000e\000r\000\040\000c\000/\000t\000o\000o\000l\000s\000.\000c}{chapter.3}% 94
\BOOKMARK [2][-]{subsection.3.7.1}{\376\377\0003\000.\0007\000.\0001\000\040\000D\000e\000s\000c\000r\000i\000p\000t\000i\000o\000n\000\040\000d\000\351\000t\000a\000i\000l\000l\000\351\000e}{section.3.7}% 95
\BOOKMARK [2][-]{subsection.3.7.2}{\376\377\0003\000.\0007\000.\0002\000\040\000D\000o\000c\000u\000m\000e\000n\000t\000a\000t\000i\000o\000n\000\040\000d\000e\000s\000\040\000d\000\351\000f\000i\000n\000i\000t\000i\000o\000n\000s\000\040\000d\000e\000\040\000t\000y\000p\000e}{section.3.7}% 96
\BOOKMARK [3][-]{subsubsection.3.7.2.1}{\376\377\0003\000.\0007\000.\0002\000.\0001\000\040\000b\000y\000t\000e}{subsection.3.7.2}% 97
\BOOKMARK [2][-]{subsection.3.7.3}{\376\377\0003\000.\0007\000.\0003\000\040\000D\000o\000c\000u\000m\000e\000n\000t\000a\000t\000i\000o\000n\000\040\000d\000e\000s\000\040\000f\000o\000n\000c\000t\000i\000o\000n\000s}{section.3.7}% 98
\BOOKMARK [3][-]{subsubsection.3.7.3.1}{\376\377\0003\000.\0007\000.\0003\000.\0001\000\040\000b\000y\000t\000e\000X\000o\000r\000\050\000\051}{subsection.3.7.3}% 99
\BOOKMARK [3][-]{subsubsection.3.7.3.2}{\376\377\0003\000.\0007\000.\0003\000.\0002\000\040\000m\000e\000r\000g\000e\000A\000r\000r\000\050\000\051}{subsection.3.7.3}% 100
\BOOKMARK [3][-]{subsubsection.3.7.3.3}{\376\377\0003\000.\0007\000.\0003\000.\0003\000\040\000m\000u\000l\000t\000i\000\050\000\051}{subsection.3.7.3}% 101
\BOOKMARK [3][-]{subsubsection.3.7.3.4}{\376\377\0003\000.\0007\000.\0003\000.\0004\000\040\000p\000r\000i\000n\000t\000B\000y\000t\000e\000\050\000\051}{subsection.3.7.3}% 102
\BOOKMARK [3][-]{subsubsection.3.7.3.5}{\376\377\0003\000.\0007\000.\0003\000.\0005\000\040\000s\000p\000l\000i\000t\000A\000r\000r\000\050\000\051}{subsection.3.7.3}% 103
\BOOKMARK [3][-]{subsubsection.3.7.3.6}{\376\377\0003\000.\0007\000.\0003\000.\0006\000\040\000s\000w\000i\000t\000c\000h\000C\000o\000l\000R\000o\000w\000s\000\050\000\051}{subsection.3.7.3}% 104
\BOOKMARK [1][-]{section.3.8}{\376\377\0003\000.\0008\000\040\000R\000\351\000f\000\351\000r\000e\000n\000c\000e\000\040\000d\000u\000\040\000f\000i\000c\000h\000i\000e\000r\000\040\000c\000/\000t\000o\000o\000l\000s\000.\000h}{chapter.3}% 105
\BOOKMARK [2][-]{subsection.3.8.1}{\376\377\0003\000.\0008\000.\0001\000\040\000D\000e\000s\000c\000r\000i\000p\000t\000i\000o\000n\000\040\000d\000\351\000t\000a\000i\000l\000l\000\351\000e}{section.3.8}% 106
\BOOKMARK [2][-]{subsection.3.8.2}{\376\377\0003\000.\0008\000.\0002\000\040\000D\000o\000c\000u\000m\000e\000n\000t\000a\000t\000i\000o\000n\000\040\000d\000e\000s\000\040\000d\000\351\000f\000i\000n\000i\000t\000i\000o\000n\000s\000\040\000d\000e\000\040\000t\000y\000p\000e}{section.3.8}% 107
\BOOKMARK [3][-]{subsubsection.3.8.2.1}{\376\377\0003\000.\0008\000.\0002\000.\0001\000\040\000b\000y\000t\000e}{subsection.3.8.2}% 108
\BOOKMARK [2][-]{subsection.3.8.3}{\376\377\0003\000.\0008\000.\0003\000\040\000D\000o\000c\000u\000m\000e\000n\000t\000a\000t\000i\000o\000n\000\040\000d\000e\000s\000\040\000f\000o\000n\000c\000t\000i\000o\000n\000s}{section.3.8}% 109
\BOOKMARK [3][-]{subsubsection.3.8.3.1}{\376\377\0003\000.\0008\000.\0003\000.\0001\000\040\000b\000y\000t\000e\000X\000o\000r\000\050\000\051}{subsection.3.8.3}% 110
\BOOKMARK [3][-]{subsubsection.3.8.3.2}{\376\377\0003\000.\0008\000.\0003\000.\0002\000\040\000m\000e\000r\000g\000e\000A\000r\000r\000\050\000\051}{subsection.3.8.3}% 111
\BOOKMARK [3][-]{subsubsection.3.8.3.3}{\376\377\0003\000.\0008\000.\0003\000.\0003\000\040\000m\000u\000l\000t\000i\000\050\000\051}{subsection.3.8.3}% 112
\BOOKMARK [3][-]{subsubsection.3.8.3.4}{\376\377\0003\000.\0008\000.\0003\000.\0004\000\040\000p\000r\000i\000n\000t\000B\000y\000t\000e\000\050\000\051}{subsection.3.8.3}% 113
\BOOKMARK [3][-]{subsubsection.3.8.3.5}{\376\377\0003\000.\0008\000.\0003\000.\0005\000\040\000s\000p\000l\000i\000t\000A\000r\000r\000\050\000\051}{subsection.3.8.3}% 114
\BOOKMARK [3][-]{subsubsection.3.8.3.6}{\376\377\0003\000.\0008\000.\0003\000.\0006\000\040\000s\000w\000i\000t\000c\000h\000C\000o\000l\000R\000o\000w\000s\000\050\000\051}{subsection.3.8.3}% 115
\BOOKMARK [0][-]{section*.15}{\376\377\000I\000n\000d\000e\000x}{}% 116
